c:\users\void\documents\visual studio 2019\projects\oskhighlights\oskhighlights\x64\debug\oskhighlights.pch
c:\users\void\documents\visual studio 2019\projects\oskhighlights\oskhighlights\x64\debug\vc142.pdb
c:\users\void\documents\visual studio 2019\projects\oskhighlights\oskhighlights\x64\debug\pch.obj
c:\users\void\documents\visual studio 2019\projects\oskhighlights\oskhighlights\x64\debug\form3.obj
c:\users\void\documents\visual studio 2019\projects\oskhighlights\oskhighlights\x64\debug\form2.obj
c:\users\void\documents\visual studio 2019\projects\oskhighlights\oskhighlights\x64\debug\form1.obj
c:\users\void\documents\visual studio 2019\projects\oskhighlights\oskhighlights\x64\debug\oskhighlights.obj
c:\users\void\documents\visual studio 2019\projects\oskhighlights\oskhighlights\x64\debug\assemblyinfo.obj
c:\users\void\documents\visual studio 2019\projects\oskhighlights\oskhighlights\x64\debug\.netframework,version=v4.7.2.assemblyattributes.obj
c:\users\void\documents\visual studio 2019\projects\oskhighlights\x64\debug\oskhighlights.exe
c:\users\void\documents\visual studio 2019\projects\oskhighlights\x64\debug\oskhighlights.pdb
c:\users\void\documents\visual studio 2019\projects\oskhighlights\oskhighlights\x64\debug\oskhighlights.form1.resources
c:\users\void\documents\visual studio 2019\projects\oskhighlights\oskhighlights\x64\debug\app.res
c:\users\void\documents\visual studio 2019\projects\oskhighlights\oskhighlights\x64\debug\oskhighlights.tlog\cl.command.1.tlog
c:\users\void\documents\visual studio 2019\projects\oskhighlights\oskhighlights\x64\debug\oskhighlights.tlog\cl.read.1.tlog
c:\users\void\documents\visual studio 2019\projects\oskhighlights\oskhighlights\x64\debug\oskhighlights.tlog\cl.write.1.tlog
c:\users\void\documents\visual studio 2019\projects\oskhighlights\oskhighlights\x64\debug\oskhighlights.tlog\link.command.1.tlog
c:\users\void\documents\visual studio 2019\projects\oskhighlights\oskhighlights\x64\debug\oskhighlights.tlog\link.read.1.tlog
c:\users\void\documents\visual studio 2019\projects\oskhighlights\oskhighlights\x64\debug\oskhighlights.tlog\link.write.1.tlog
c:\users\void\documents\visual studio 2019\projects\oskhighlights\oskhighlights\x64\debug\oskhighlights.tlog\metagen.read.1.tlog
c:\users\void\documents\visual studio 2019\projects\oskhighlights\oskhighlights\x64\debug\oskhighlights.tlog\metagen.write.1.tlog
c:\users\void\documents\visual studio 2019\projects\oskhighlights\oskhighlights\x64\debug\oskhighlights.tlog\oskhighlights.write.1u.tlog
c:\users\void\documents\visual studio 2019\projects\oskhighlights\oskhighlights\x64\debug\oskhighlights.tlog\rc.command.1.tlog
c:\users\void\documents\visual studio 2019\projects\oskhighlights\oskhighlights\x64\debug\oskhighlights.tlog\rc.read.1.tlog
c:\users\void\documents\visual studio 2019\projects\oskhighlights\oskhighlights\x64\debug\oskhighlights.tlog\rc.write.1.tlog
